2018-05-21 17:28:47> Program: Starting Squirrel Updater: --createShortcut=Postman.exe
2018-05-21 17:28:47> ApplyReleasesImpl: About to create shortcuts for Postman.exe, rootAppDir C:\Users\48137\AppData\Local\Postman
2018-05-21 17:28:47> ApplyReleasesImpl: Creating shortcut for Postman.exe => C:\Users\48137\AppData\Roaming\Microsoft\Windows\Start Menu\Programs\Postman\Postman.lnk
2018-05-21 17:28:47> ApplyReleasesImpl: About to save shortcut: C:\Users\48137\AppData\Roaming\Microsoft\Windows\Start Menu\Programs\Postman\Postman.lnk (target C:\Users\48137\AppData\Local\Postman\Update.exe, workingDir C:\Users\48137\AppData\Local\Postman\app-6.0.10, args --processStart "Postman.exe")
2018-05-21 17:28:47> ApplyReleasesImpl: Creating shortcut for Postman.exe => C:\Users\48137\Desktop\Postman.lnk
2018-05-21 17:28:47> ApplyReleasesImpl: About to save shortcut: C:\Users\48137\Desktop\Postman.lnk (target C:\Users\48137\AppData\Local\Postman\Update.exe, workingDir C:\Users\48137\AppData\Local\Postman\app-6.0.10, args --processStart "Postman.exe")
2018-05-21 17:28:49> ApplyReleasesImpl: Examining Pin: 360安全浏览器.lnk
2018-05-21 17:28:49> ApplyReleasesImpl: Examining Pin: File Explorer.lnk
2018-05-21 17:28:49> ApplyReleasesImpl: Examining Pin: 爱奇艺轮播台.lnk
2018-05-21 17:34:17> Program: Starting Squirrel Updater: --processStart Postman.exe
2018-05-21 17:34:17> Program: Want to launch 'C:\Users\48137\AppData\Local\Postman\app-6.0.10\Postman.exe'
2018-05-21 17:34:17> Program: About to launch: 'C:\Users\48137\AppData\Local\Postman\app-6.0.10\Postman.exe': 
2018-05-21 17:35:33> Program: Starting Squirrel Updater: --processStart Postman.exe
2018-05-21 17:35:33> Program: Want to launch 'C:\Users\48137\AppData\Local\Postman\app-6.0.10\Postman.exe'
2018-05-21 17:35:33> Program: About to launch: 'C:\Users\48137\AppData\Local\Postman\app-6.0.10\Postman.exe': 
2018-05-21 17:36:02> Program: Starting Squirrel Updater: --processStart Postman.exe
2018-05-21 17:36:02> Program: Want to launch 'C:\Users\48137\AppData\Local\Postman\app-6.0.10\Postman.exe'
2018-05-21 17:36:02> Program: About to launch: 'C:\Users\48137\AppData\Local\Postman\app-6.0.10\Postman.exe': 
2018-08-01 23:05:13> Program: Starting Squirrel Updater: --processStart Postman.exe
2018-08-01 23:05:13> Program: Want to launch 'C:\Users\48137\AppData\Local\Postman\app-6.0.10\Postman.exe'
2018-08-01 23:05:13> Program: About to launch: 'C:\Users\48137\AppData\Local\Postman\app-6.0.10\Postman.exe': 
2018-11-06 21:31:36> Program: Starting Squirrel Updater: --processStart Postman.exe
2018-11-06 21:31:36> Program: Want to launch 'C:\Users\48137\AppData\Local\Postman\app-6.0.10\Postman.exe'
2018-11-06 21:31:36> Program: About to launch: 'C:\Users\48137\AppData\Local\Postman\app-6.0.10\Postman.exe': 
2018-12-07 17:32:49> Program: Starting Squirrel Updater: --processStart Postman.exe
2018-12-07 17:32:49> Program: Want to launch 'C:\Users\48137\AppData\Local\Postman\app-6.0.10\Postman.exe'
2018-12-07 17:32:49> Program: About to launch: 'C:\Users\48137\AppData\Local\Postman\app-6.0.10\Postman.exe': 
2018-12-07 20:20:24> Program: Starting Squirrel Updater: --processStart Postman.exe
2018-12-07 20:20:24> Program: Want to launch 'C:\Users\48137\AppData\Local\Postman\app-6.0.10\Postman.exe'
2018-12-07 20:20:24> Program: About to launch: 'C:\Users\48137\AppData\Local\Postman\app-6.0.10\Postman.exe': 
2018-12-08 08:48:34> Program: Starting Squirrel Updater: --processStart Postman.exe
2018-12-08 08:48:34> Program: Want to launch 'C:\Users\48137\AppData\Local\Postman\app-6.0.10\Postman.exe'
2018-12-08 08:48:34> Program: About to launch: 'C:\Users\48137\AppData\Local\Postman\app-6.0.10\Postman.exe': 
2018-12-08 11:21:28> Program: Starting Squirrel Updater: --processStart Postman.exe
2018-12-08 11:21:28> Program: Want to launch 'C:\Users\48137\AppData\Local\Postman\app-6.0.10\Postman.exe'
2018-12-08 11:21:28> Program: About to launch: 'C:\Users\48137\AppData\Local\Postman\app-6.0.10\Postman.exe': 
2020-03-29 22:08:14> Program: Starting Squirrel Updater: --processStart Postman.exe
2020-03-29 22:08:14> Program: Want to launch 'C:\Users\48137\AppData\Local\Postman\app-6.0.10\Postman.exe'
2020-03-29 22:08:14> Program: About to launch: 'C:\Users\48137\AppData\Local\Postman\app-6.0.10\Postman.exe': 
2020-03-30 16:28:06> Program: Starting Squirrel Updater: --processStart Postman.exe
2020-03-30 16:28:06> Program: Want to launch 'C:\Users\48137\AppData\Local\Postman\app-6.0.10\Postman.exe'
2020-03-30 16:28:06> Program: About to launch: 'C:\Users\48137\AppData\Local\Postman\app-6.0.10\Postman.exe': 
